c:\compu_grafica\proyecto2020\project1\project1\debug\vc142.pdb
c:\compu_grafica\proyecto2020\project1\project1\debug\vc142.idb
c:\compu_grafica\proyecto2020\project1\project1\debug\window.obj
c:\compu_grafica\proyecto2020\project1\project1\debug\texture.obj
c:\compu_grafica\proyecto2020\project1\project1\debug\spotlight.obj
c:\compu_grafica\proyecto2020\project1\project1\debug\sphere.obj
c:\compu_grafica\proyecto2020\project1\project1\debug\skybox.obj
c:\compu_grafica\proyecto2020\project1\project1\debug\shader_light.obj
c:\compu_grafica\proyecto2020\project1\project1\debug\main.obj
c:\compu_grafica\proyecto2020\project1\project1\debug\pointlight.obj
c:\compu_grafica\proyecto2020\project1\project1\debug\model.obj
c:\compu_grafica\proyecto2020\project1\project1\debug\mesh_tn.obj
c:\compu_grafica\proyecto2020\project1\project1\debug\material.obj
c:\compu_grafica\proyecto2020\project1\project1\debug\light.obj
c:\compu_grafica\proyecto2020\project1\project1\debug\directionallight.obj
c:\compu_grafica\proyecto2020\project1\project1\debug\camera.obj
c:\compu_grafica\proyecto2020\project1\debug\practica1.exe
c:\compu_grafica\proyecto2020\project1\debug\practica1.ilk
c:\compu_grafica\proyecto2020\project1\debug\practica1.pdb
c:\compu_grafica\proyecto2020\project1\project1\debug\practica1.tlog\cl.command.1.tlog
c:\compu_grafica\proyecto2020\project1\project1\debug\practica1.tlog\cl.read.1.tlog
c:\compu_grafica\proyecto2020\project1\project1\debug\practica1.tlog\cl.write.1.tlog
c:\compu_grafica\proyecto2020\project1\project1\debug\practica1.tlog\link.command.1.tlog
c:\compu_grafica\proyecto2020\project1\project1\debug\practica1.tlog\link.read.1.tlog
c:\compu_grafica\proyecto2020\project1\project1\debug\practica1.tlog\link.write.1.tlog
